2019-07-22T10:22:15.743550Z 0 [Warning] TIMESTAMP with implicit DEFAULT value is deprecated. Please use --explicit_defaults_for_timestamp server option (see documentation for more details).
2019-07-22T10:22:15.749709Z 0 [Note] mysqld (mysqld 5.7.26) starting as process 1 ...
2019-07-22T10:22:15.762516Z 0 [Note] InnoDB: PUNCH HOLE support available
2019-07-22T10:22:15.762972Z 0 [Note] InnoDB: Mutexes and rw_locks use GCC atomic builtins
2019-07-22T10:22:15.763337Z 0 [Note] InnoDB: Uses event mutexes
2019-07-22T10:22:15.763633Z 0 [Note] InnoDB: GCC builtin __atomic_thread_fence() is used for memory barrier
2019-07-22T10:22:15.763976Z 0 [Note] InnoDB: Compressed tables use zlib 1.2.11
2019-07-22T10:22:15.764329Z 0 [Note] InnoDB: Using Linux native AIO
2019-07-22T10:22:15.764827Z 0 [Note] InnoDB: Number of pools: 1
2019-07-22T10:22:15.765264Z 0 [Note] InnoDB: Using CPU crc32 instructions
2019-07-22T10:22:15.767020Z 0 [Note] InnoDB: Initializing buffer pool, total size = 128M, instances = 1, chunk size = 128M
2019-07-22T10:22:15.775941Z 0 [Note] InnoDB: Completed initialization of buffer pool
2019-07-22T10:22:15.778576Z 0 [Note] InnoDB: If the mysqld execution user is authorized, page cleaner thread priority can be changed. See the man page of setpriority().
2019-07-22T10:22:15.819980Z 0 [Note] InnoDB: Highest supported file format is Barracuda.
2019-07-22T10:22:15.838365Z 0 [Note] InnoDB: Log scan progressed past the checkpoint lsn 12364005
2019-07-22T10:22:15.838780Z 0 [Note] InnoDB: Doing recovery: scanned up to log sequence number 12364014
2019-07-22T10:22:15.839135Z 0 [Note] InnoDB: Database was not shutdown normally!
2019-07-22T10:22:15.839492Z 0 [Note] InnoDB: Starting crash recovery.
2019-07-22T10:22:16.044525Z 0 [Note] InnoDB: Removed temporary tablespace data file: "ibtmp1"
2019-07-22T10:22:16.044898Z 0 [Note] InnoDB: Creating shared tablespace for temporary tables
2019-07-22T10:22:16.046315Z 0 [Note] InnoDB: Setting file './ibtmp1' size to 12 MB. Physically writing the file full; Please wait ...
2019-07-22T10:22:16.141853Z 0 [Note] InnoDB: File './ibtmp1' size is now 12 MB.
2019-07-22T10:22:16.148714Z 0 [Note] InnoDB: 96 redo rollback segment(s) found. 96 redo rollback segment(s) are active.
2019-07-22T10:22:16.149330Z 0 [Note] InnoDB: 32 non-redo rollback segment(s) are active.
2019-07-22T10:22:16.150261Z 0 [Note] InnoDB: Waiting for purge to start
2019-07-22T10:22:16.202590Z 0 [Note] InnoDB: 5.7.26 started; log sequence number 12364014
2019-07-22T10:22:16.204553Z 0 [Note] Plugin 'FEDERATED' is disabled.
2019-07-22T10:22:16.206909Z 0 [Note] InnoDB: Loading buffer pool(s) from /var/lib/mysql/ib_buffer_pool
2019-07-22T10:22:16.256302Z 0 [Note] Found ca.pem, server-cert.pem and server-key.pem in data directory. Trying to enable SSL support using them.
2019-07-22T10:22:16.271992Z 0 [Warning] CA certificate ca.pem is self signed.
2019-07-22T10:22:16.276089Z 0 [Note] Server hostname (bind-address): '*'; port: 3306
2019-07-22T10:22:16.277137Z 0 [Note] IPv6 is available.
2019-07-22T10:22:16.277726Z 0 [Note]   - '::' resolves to '::';
2019-07-22T10:22:16.278337Z 0 [Note] Server socket created on IP: '::'.
2019-07-22T10:22:16.278468Z 0 [Note] InnoDB: Buffer pool(s) load completed at 190722 10:22:16
2019-07-22T10:22:16.282855Z 0 [Warning] Insecure configuration for --pid-file: Location '/var/run/mysqld' in the path is accessible to all OS users. Consider choosing a different directory.
2019-07-22T10:22:16.638872Z 0 [Note] Event Scheduler: Loaded 0 events
2019-07-22T10:22:16.639461Z 0 [Note] mysqld: ready for connections.
Version: '5.7.26'  socket: '/var/run/mysqld/mysqld.sock'  port: 3306  MySQL Community Server (GPL)
2019-07-22T10:29:27.768630Z 0 [Note] Giving 0 client threads a chance to die gracefully
2019-07-22T10:29:27.769170Z 0 [Note] Shutting down slave threads
2019-07-22T10:29:27.769681Z 0 [Note] Forcefully disconnecting 0 remaining clients
2019-07-22T10:29:27.770163Z 0 [Note] Event Scheduler: Purging the queue. 0 events
2019-07-22T10:29:27.770928Z 0 [Note] Binlog end
2019-07-22T10:29:27.776867Z 0 [Note] Shutting down plugin 'ngram'
2019-07-22T10:29:27.777289Z 0 [Note] Shutting down plugin 'partition'
2019-07-22T10:29:27.777588Z 0 [Note] Shutting down plugin 'BLACKHOLE'
2019-07-22T10:29:27.777899Z 0 [Note] Shutting down plugin 'ARCHIVE'
2019-07-22T10:29:27.778195Z 0 [Note] Shutting down plugin 'PERFORMANCE_SCHEMA'
2019-07-22T10:29:27.778521Z 0 [Note] Shutting down plugin 'MRG_MYISAM'
2019-07-22T10:29:27.778820Z 0 [Note] Shutting down plugin 'MyISAM'
2019-07-22T10:29:27.779170Z 0 [Note] Shutting down plugin 'INNODB_SYS_VIRTUAL'
2019-07-22T10:29:27.779433Z 0 [Note] Shutting down plugin 'INNODB_SYS_DATAFILES'
2019-07-22T10:29:27.779721Z 0 [Note] Shutting down plugin 'INNODB_SYS_TABLESPACES'
2019-07-22T10:29:27.780054Z 0 [Note] Shutting down plugin 'INNODB_SYS_FOREIGN_COLS'
2019-07-22T10:29:27.780342Z 0 [Note] Shutting down plugin 'INNODB_SYS_FOREIGN'
2019-07-22T10:29:27.780790Z 0 [Note] Shutting down plugin 'INNODB_SYS_FIELDS'
2019-07-22T10:29:27.781081Z 0 [Note] Shutting down plugin 'INNODB_SYS_COLUMNS'
2019-07-22T10:29:27.781373Z 0 [Note] Shutting down plugin 'INNODB_SYS_INDEXES'
2019-07-22T10:29:27.781659Z 0 [Note] Shutting down plugin 'INNODB_SYS_TABLESTATS'
2019-07-22T10:29:27.781944Z 0 [Note] Shutting down plugin 'INNODB_SYS_TABLES'
2019-07-22T10:29:27.782232Z 0 [Note] Shutting down plugin 'INNODB_FT_INDEX_TABLE'
2019-07-22T10:29:27.782516Z 0 [Note] Shutting down plugin 'INNODB_FT_INDEX_CACHE'
2019-07-22T10:29:27.782803Z 0 [Note] Shutting down plugin 'INNODB_FT_CONFIG'
2019-07-22T10:29:27.783087Z 0 [Note] Shutting down plugin 'INNODB_FT_BEING_DELETED'
2019-07-22T10:29:27.783374Z 0 [Note] Shutting down plugin 'INNODB_FT_DELETED'
2019-07-22T10:29:27.783658Z 0 [Note] Shutting down plugin 'INNODB_FT_DEFAULT_STOPWORD'
2019-07-22T10:29:27.784008Z 0 [Note] Shutting down plugin 'INNODB_METRICS'
2019-07-22T10:29:27.784293Z 0 [Note] Shutting down plugin 'INNODB_TEMP_TABLE_INFO'
2019-07-22T10:29:27.784631Z 0 [Note] Shutting down plugin 'INNODB_BUFFER_POOL_STATS'
2019-07-22T10:29:27.784916Z 0 [Note] Shutting down plugin 'INNODB_BUFFER_PAGE_LRU'
2019-07-22T10:29:27.785266Z 0 [Note] Shutting down plugin 'INNODB_BUFFER_PAGE'
2019-07-22T10:29:27.785571Z 0 [Note] Shutting down plugin 'INNODB_CMP_PER_INDEX_RESET'
2019-07-22T10:29:27.785859Z 0 [Note] Shutting down plugin 'INNODB_CMP_PER_INDEX'
2019-07-22T10:29:27.786147Z 0 [Note] Shutting down plugin 'INNODB_CMPMEM_RESET'
2019-07-22T10:29:27.786424Z 0 [Note] Shutting down plugin 'INNODB_CMPMEM'
2019-07-22T10:29:27.786711Z 0 [Note] Shutting down plugin 'INNODB_CMP_RESET'
2019-07-22T10:29:27.787044Z 0 [Note] Shutting down plugin 'INNODB_CMP'
2019-07-22T10:29:27.787324Z 0 [Note] Shutting down plugin 'INNODB_LOCK_WAITS'
2019-07-22T10:29:27.787660Z 0 [Note] Shutting down plugin 'INNODB_LOCKS'
2019-07-22T10:29:27.787959Z 0 [Note] Shutting down plugin 'INNODB_TRX'
2019-07-22T10:29:27.788244Z 0 [Note] Shutting down plugin 'InnoDB'
2019-07-22T10:29:27.788651Z 0 [Note] InnoDB: FTS optimize thread exiting.
2019-07-22T10:29:27.789133Z 0 [Note] InnoDB: Starting shutdown...
2019-07-22T10:29:27.893089Z 0 [Note] InnoDB: Dumping buffer pool(s) to /var/lib/mysql/ib_buffer_pool
2019-07-22T10:29:27.898980Z 0 [Note] InnoDB: Buffer pool(s) dump completed at 190722 10:29:27
2019-07-22T10:29:29.623104Z 0 [Note] InnoDB: Shutdown completed; log sequence number 12364042
2019-07-22T10:29:29.626198Z 0 [Note] InnoDB: Removed temporary tablespace data file: "ibtmp1"
2019-07-22T10:29:29.626676Z 0 [Note] Shutting down plugin 'MEMORY'
2019-07-22T10:29:29.626994Z 0 [Note] Shutting down plugin 'CSV'
2019-07-22T10:29:29.627340Z 0 [Note] Shutting down plugin 'sha256_password'
2019-07-22T10:29:29.627677Z 0 [Note] Shutting down plugin 'mysql_native_password'
2019-07-22T10:29:29.628125Z 0 [Note] Shutting down plugin 'binlog'
2019-07-22T10:29:29.631732Z 0 [Note] mysqld: Shutdown complete

